28-Jun-2020 11:35:21.559 INFORMAZIONI [main] org.apache.catalina.core.ApplicationContext.log ContextListener: contextInitialized()
28-Jun-2020 11:35:21.559 INFORMAZIONI [main] org.apache.catalina.core.ApplicationContext.log SessionListener: contextInitialized()
28-Jun-2020 11:35:21.560 INFORMAZIONI [main] org.apache.catalina.core.ApplicationContext.log ContextListener: attributeAdded('StockTicker', 'async.Stockticker@2e1d27ba')
28-Jun-2020 11:36:02.383 GRAVE [http-nio-8080-exec-5] org.apache.catalina.core.StandardWrapperValve.invoke Servlet.service() for servlet [smartInterface.controllers.JavaClient_ChiudiSocket_Servlet] in context with path [/Collegamento Web] threw exception
	java.lang.NullPointerException
		at smartInterface.models.JavaClient.chiusura(JavaClient.java:35)
		at smartInterface.controllers.JavaClient_ChiudiSocket_Servlet.doPost(JavaClient_ChiudiSocket_Servlet.java:19)
		at javax.servlet.http.HttpServlet.service(HttpServlet.java:660)
		at javax.servlet.http.HttpServlet.service(HttpServlet.java:741)
		at org.apache.catalina.core.ApplicationFilterChain.internalDoFilter(ApplicationFilterChain.java:231)
		at org.apache.catalina.core.ApplicationFilterChain.doFilter(ApplicationFilterChain.java:166)
		at org.apache.tomcat.websocket.server.WsFilter.doFilter(WsFilter.java:53)
		at org.apache.catalina.core.ApplicationFilterChain.internalDoFilter(ApplicationFilterChain.java:193)
		at org.apache.catalina.core.ApplicationFilterChain.doFilter(ApplicationFilterChain.java:166)
		at org.apache.catalina.core.StandardWrapperValve.invoke(StandardWrapperValve.java:202)
		at org.apache.catalina.core.StandardContextValve.invoke(StandardContextValve.java:96)
		at org.apache.catalina.authenticator.AuthenticatorBase.invoke(AuthenticatorBase.java:541)
		at org.apache.catalina.core.StandardHostValve.invoke(StandardHostValve.java:139)
		at org.apache.catalina.valves.ErrorReportValve.invoke(ErrorReportValve.java:92)
		at org.apache.catalina.valves.AbstractAccessLogValve.invoke(AbstractAccessLogValve.java:688)
		at org.apache.catalina.core.StandardEngineValve.invoke(StandardEngineValve.java:74)
		at org.apache.catalina.connector.CoyoteAdapter.service(CoyoteAdapter.java:343)
		at org.apache.coyote.http11.Http11Processor.service(Http11Processor.java:367)
		at org.apache.coyote.AbstractProcessorLight.process(AbstractProcessorLight.java:65)
		at org.apache.coyote.AbstractProtocol$ConnectionHandler.process(AbstractProtocol.java:868)
		at org.apache.tomcat.util.net.NioEndpoint$SocketProcessor.doRun(NioEndpoint.java:1639)
		at org.apache.tomcat.util.net.SocketProcessorBase.run(SocketProcessorBase.java:49)
		at java.util.concurrent.ThreadPoolExecutor.runWorker(ThreadPoolExecutor.java:1149)
		at java.util.concurrent.ThreadPoolExecutor$Worker.run(ThreadPoolExecutor.java:624)
		at org.apache.tomcat.util.threads.TaskThread$WrappingRunnable.run(TaskThread.java:61)
		at java.lang.Thread.run(Thread.java:748)
28-Jun-2020 11:42:58.383 INFORMAZIONI [main] org.apache.catalina.core.ApplicationContext.log ContextListener: contextInitialized()
28-Jun-2020 11:42:58.384 INFORMAZIONI [main] org.apache.catalina.core.ApplicationContext.log SessionListener: contextInitialized()
28-Jun-2020 11:42:58.385 INFORMAZIONI [main] org.apache.catalina.core.ApplicationContext.log ContextListener: attributeAdded('StockTicker', 'async.Stockticker@37f1104d')
28-Jun-2020 11:42:58.431 INFORMAZIONI [main] org.apache.catalina.core.ApplicationContext.log SessionListener: contextDestroyed()
28-Jun-2020 11:42:58.431 INFORMAZIONI [main] org.apache.catalina.core.ApplicationContext.log ContextListener: contextDestroyed()
28-Jun-2020 11:43:00.505 INFORMAZIONI [main] org.apache.catalina.core.ApplicationContext.log SessionListener: contextDestroyed()
28-Jun-2020 11:43:00.505 INFORMAZIONI [main] org.apache.catalina.core.ApplicationContext.log ContextListener: contextDestroyed()
28-Jun-2020 11:43:08.512 INFORMAZIONI [main] org.apache.catalina.core.ApplicationContext.log ContextListener: contextInitialized()
28-Jun-2020 11:43:08.512 INFORMAZIONI [main] org.apache.catalina.core.ApplicationContext.log SessionListener: contextInitialized()
28-Jun-2020 11:43:08.514 INFORMAZIONI [main] org.apache.catalina.core.ApplicationContext.log ContextListener: attributeAdded('StockTicker', 'async.Stockticker@50caa560')
28-Jun-2020 11:43:09.073 INFORMAZIONI [main] org.apache.catalina.core.ApplicationContext.log SessionListener: contextDestroyed()
28-Jun-2020 11:43:09.073 INFORMAZIONI [main] org.apache.catalina.core.ApplicationContext.log ContextListener: contextDestroyed()
28-Jun-2020 12:35:30.839 INFORMAZIONI [main] org.apache.catalina.core.ApplicationContext.log ContextListener: contextInitialized()
28-Jun-2020 12:35:30.839 INFORMAZIONI [main] org.apache.catalina.core.ApplicationContext.log SessionListener: contextInitialized()
28-Jun-2020 12:35:30.841 INFORMAZIONI [main] org.apache.catalina.core.ApplicationContext.log ContextListener: attributeAdded('StockTicker', 'async.Stockticker@50caa560')
28-Jun-2020 12:37:17.477 INFORMAZIONI [Thread-4] org.apache.catalina.core.ApplicationContext.log SessionListener: contextDestroyed()
28-Jun-2020 12:37:17.478 INFORMAZIONI [Thread-4] org.apache.catalina.core.ApplicationContext.log ContextListener: contextDestroyed()
28-Jun-2020 12:37:43.721 INFORMAZIONI [main] org.apache.catalina.core.ApplicationContext.log ContextListener: contextInitialized()
28-Jun-2020 12:37:43.723 INFORMAZIONI [main] org.apache.catalina.core.ApplicationContext.log SessionListener: contextInitialized()
28-Jun-2020 12:37:43.724 INFORMAZIONI [main] org.apache.catalina.core.ApplicationContext.log ContextListener: attributeAdded('StockTicker', 'async.Stockticker@87a85e1')
28-Jun-2020 12:37:50.845 INFORMAZIONI [Thread-4] org.apache.catalina.core.ApplicationContext.log SessionListener: contextDestroyed()
28-Jun-2020 12:37:50.846 INFORMAZIONI [Thread-4] org.apache.catalina.core.ApplicationContext.log ContextListener: contextDestroyed()
28-Jun-2020 12:38:04.010 INFORMAZIONI [main] org.apache.catalina.core.ApplicationContext.log ContextListener: contextInitialized()
28-Jun-2020 12:38:04.010 INFORMAZIONI [main] org.apache.catalina.core.ApplicationContext.log SessionListener: contextInitialized()
28-Jun-2020 12:38:04.011 INFORMAZIONI [main] org.apache.catalina.core.ApplicationContext.log ContextListener: attributeAdded('StockTicker', 'async.Stockticker@87a85e1')
28-Jun-2020 12:38:16.773 INFORMAZIONI [Thread-4] org.apache.catalina.core.ApplicationContext.log SessionListener: contextDestroyed()
28-Jun-2020 12:38:16.774 INFORMAZIONI [Thread-4] org.apache.catalina.core.ApplicationContext.log ContextListener: contextDestroyed()
28-Jun-2020 18:49:39.472 INFORMAZIONI [main] org.apache.catalina.core.ApplicationContext.log ContextListener: contextInitialized()
28-Jun-2020 18:49:39.472 INFORMAZIONI [main] org.apache.catalina.core.ApplicationContext.log SessionListener: contextInitialized()
28-Jun-2020 18:49:39.473 INFORMAZIONI [main] org.apache.catalina.core.ApplicationContext.log ContextListener: attributeAdded('StockTicker', 'async.Stockticker@87a85e1')
28-Jun-2020 18:50:19.806 INFORMAZIONI [Thread-4] org.apache.catalina.core.ApplicationContext.log SessionListener: contextDestroyed()
28-Jun-2020 18:50:19.806 INFORMAZIONI [Thread-4] org.apache.catalina.core.ApplicationContext.log ContextListener: contextDestroyed()
